<?xml version="1.0" encoding="UTF-8"?>
<Site BuildName="(empty)"
	BuildStamp="20241209-0819-Experimental"
	Name="(empty)"
	Generator="ctest-3.31.0"
	CompilerName=""
	CompilerVersion=""
	OSName="Linux"
	Hostname="devpc"
	OSRelease="6.12.1-arch1-1"
	OSVersion="#1 SMP PREEMPT_DYNAMIC Fri, 22 Nov 2024 16:04:27 +0000"
	OSPlatform="x86_64"
	Is64Bits="1"
	VendorString="AuthenticAMD"
	VendorID="Advanced Micro Devices"
	FamilyID="25"
	ModelID="80"
	ModelName="AMD Ryzen 7 5800H with Radeon Graphics"
	ProcessorCacheSize="512"
	NumberOfLogicalCPU="16"
	NumberOfPhysicalCPU="8"
	TotalVirtualMemory="17407"
	TotalPhysicalMemory="15337"
	LogicalProcessorsPerPhysical="2"
	ProcessorClockFrequency="3634.92"
	>
	<Testing>
		<StartDateTime>Dec 09 11:19 MSK</StartDateTime>
		<StartTestTime>1733732367</StartTestTime>
		<TestList/>
		<EndDateTime>Dec 09 11:19 MSK</EndDateTime>
		<EndTestTime>1733732367</EndTestTime>
		<ElapsedMinutes>0</ElapsedMinutes>
	</Testing>
</Site>
